mode: atomic
gitlab.com/tsuchinaga/kabus-grpc-server/server/server.go:12.165,14.2 1 1
gitlab.com/tsuchinaga/kabus-grpc-server/server/server.go:23.130,25.2 1 1
gitlab.com/tsuchinaga/kabus-grpc-server/server/server.go:27.128,29.16 2 3
gitlab.com/tsuchinaga/kabus-grpc-server/server/server.go:33.2,34.16 2 2
gitlab.com/tsuchinaga/kabus-grpc-server/server/server.go:38.2,39.17 2 1
gitlab.com/tsuchinaga/kabus-grpc-server/server/server.go:29.16,31.3 1 1
gitlab.com/tsuchinaga/kabus-grpc-server/server/server.go:34.16,36.3 1 1
gitlab.com/tsuchinaga/kabus-grpc-server/server/server.go:42.132,44.16 2 3
gitlab.com/tsuchinaga/kabus-grpc-server/server/server.go:48.2,49.16 2 2
gitlab.com/tsuchinaga/kabus-grpc-server/server/server.go:53.2,54.17 2 1
gitlab.com/tsuchinaga/kabus-grpc-server/server/server.go:44.16,46.3 1 1
gitlab.com/tsuchinaga/kabus-grpc-server/server/server.go:49.16,51.3 1 1
gitlab.com/tsuchinaga/kabus-grpc-server/server/server.go:57.138,59.16 2 3
gitlab.com/tsuchinaga/kabus-grpc-server/server/server.go:63.2,64.16 2 2
gitlab.com/tsuchinaga/kabus-grpc-server/server/server.go:68.2,69.17 2 1
gitlab.com/tsuchinaga/kabus-grpc-server/server/server.go:59.16,61.3 1 1
gitlab.com/tsuchinaga/kabus-grpc-server/server/server.go:64.16,66.3 1 1
gitlab.com/tsuchinaga/kabus-grpc-server/infra/clock.go:9.36,11.2 1 2
gitlab.com/tsuchinaga/kabus-grpc-server/infra/clock.go:15.33,17.2 1 1
gitlab.com/tsuchinaga/kabus-grpc-server/infra/setting.go:14.48,19.2 3 0
gitlab.com/tsuchinaga/kabus-grpc-server/infra/setting.go:21.40,26.2 3 0
gitlab.com/tsuchinaga/kabus-grpc-server/infra/setting.go:33.39,35.2 1 2
gitlab.com/tsuchinaga/kabus-grpc-server/infra/setting.go:37.37,39.2 1 2
gitlab.com/tsuchinaga/kabus-grpc-server/server/services/register_symbol.go:8.107,10.2 1 1
gitlab.com/tsuchinaga/kabus-grpc-server/server/services/register_symbol.go:21.58,23.2 1 2
gitlab.com/tsuchinaga/kabus-grpc-server/server/services/register_symbol.go:25.75,27.2 1 2
gitlab.com/tsuchinaga/kabus-grpc-server/server/services/token.go:14.45,16.2 1 1
gitlab.com/tsuchinaga/kabus-grpc-server/server/services/token.go:29.63,31.33 2 4
gitlab.com/tsuchinaga/kabus-grpc-server/server/services/token.go:43.2,43.37 1 3
gitlab.com/tsuchinaga/kabus-grpc-server/server/services/token.go:31.33,33.17 2 3
gitlab.com/tsuchinaga/kabus-grpc-server/server/services/token.go:36.3,37.25 2 2
gitlab.com/tsuchinaga/kabus-grpc-server/server/services/token.go:40.3,40.39 1 2
gitlab.com/tsuchinaga/kabus-grpc-server/server/services/token.go:33.17,35.4 1 1
gitlab.com/tsuchinaga/kabus-grpc-server/server/services/token.go:37.25,39.4 1 1
gitlab.com/tsuchinaga/kabus-grpc-server/infra/stores/register_symbol.go:16.64,20.36 3 1
gitlab.com/tsuchinaga/kabus-grpc-server/infra/stores/register_symbol.go:24.2,24.32 1 1
gitlab.com/tsuchinaga/kabus-grpc-server/infra/stores/register_symbol.go:20.36,22.3 1 1
gitlab.com/tsuchinaga/kabus-grpc-server/infra/stores/register_symbol.go:32.61,36.2 3 2
gitlab.com/tsuchinaga/kabus-grpc-server/infra/stores/register_symbol.go:38.75,42.2 3 2
gitlab.com/tsuchinaga/kabus-grpc-server/infra/stores/token.go:15.46,19.27 3 1
gitlab.com/tsuchinaga/kabus-grpc-server/infra/stores/token.go:23.2,23.23 1 1
gitlab.com/tsuchinaga/kabus-grpc-server/infra/stores/token.go:19.27,21.3 1 1
gitlab.com/tsuchinaga/kabus-grpc-server/infra/stores/token.go:32.35,36.2 3 2
gitlab.com/tsuchinaga/kabus-grpc-server/infra/stores/token.go:38.58,43.2 4 2
gitlab.com/tsuchinaga/kabus-grpc-server/infra/stores/token.go:45.47,49.2 3 4
gitlab.com/tsuchinaga/kabus-grpc-server/infra/stores/token.go:51.25,56.2 4 2
gitlab.com/tsuchinaga/kabus-grpc-server/infra/security/converter.go:8.59,9.18 1 13
gitlab.com/tsuchinaga/kabus-grpc-server/infra/security/converter.go:10.32,11.31 1 5
gitlab.com/tsuchinaga/kabus-grpc-server/infra/security/converter.go:12.32,13.31 1 1
gitlab.com/tsuchinaga/kabus-grpc-server/infra/security/converter.go:14.33,15.32 1 1
gitlab.com/tsuchinaga/kabus-grpc-server/infra/security/converter.go:16.34,17.33 1 1
gitlab.com/tsuchinaga/kabus-grpc-server/infra/security/converter.go:18.36,19.27 1 1
gitlab.com/tsuchinaga/kabus-grpc-server/infra/security/converter.go:20.36,21.31 1 1
gitlab.com/tsuchinaga/kabus-grpc-server/infra/security/converter.go:22.38,23.31 1 1
gitlab.com/tsuchinaga/kabus-grpc-server/infra/security/converter.go:24.10,25.35 1 2
gitlab.com/tsuchinaga/kabus-grpc-server/infra/security/converter.go:29.61,30.18 1 11
gitlab.com/tsuchinaga/kabus-grpc-server/infra/security/converter.go:31.29,32.34 1 3
gitlab.com/tsuchinaga/kabus-grpc-server/infra/security/converter.go:33.29,34.34 1 1
gitlab.com/tsuchinaga/kabus-grpc-server/infra/security/converter.go:35.30,36.35 1 1
gitlab.com/tsuchinaga/kabus-grpc-server/infra/security/converter.go:37.31,38.36 1 1
gitlab.com/tsuchinaga/kabus-grpc-server/infra/security/converter.go:39.25,40.38 1 1
gitlab.com/tsuchinaga/kabus-grpc-server/infra/security/converter.go:41.29,42.38 1 1
gitlab.com/tsuchinaga/kabus-grpc-server/infra/security/converter.go:43.29,44.40 1 1
gitlab.com/tsuchinaga/kabus-grpc-server/infra/security/converter.go:45.10,46.38 1 2
gitlab.com/tsuchinaga/kabus-grpc-server/infra/security/security.go:12.69,14.2 1 1
gitlab.com/tsuchinaga/kabus-grpc-server/infra/security/security.go:20.80,22.16 2 2
gitlab.com/tsuchinaga/kabus-grpc-server/infra/security/security.go:25.2,25.25 1 1
gitlab.com/tsuchinaga/kabus-grpc-server/infra/security/security.go:22.16,24.3 1 1
gitlab.com/tsuchinaga/kabus-grpc-server/infra/security/security.go:28.144,30.37 2 2
gitlab.com/tsuchinaga/kabus-grpc-server/infra/security/security.go:33.2,34.16 2 2
gitlab.com/tsuchinaga/kabus-grpc-server/infra/security/security.go:38.2,39.42 2 1
gitlab.com/tsuchinaga/kabus-grpc-server/infra/security/security.go:42.2,42.61 1 1
gitlab.com/tsuchinaga/kabus-grpc-server/infra/security/security.go:30.37,32.3 1 2
gitlab.com/tsuchinaga/kabus-grpc-server/infra/security/security.go:34.16,36.3 1 1
gitlab.com/tsuchinaga/kabus-grpc-server/infra/security/security.go:39.42,41.3 1 1
gitlab.com/tsuchinaga/kabus-grpc-server/infra/security/security.go:45.148,47.37 2 2
gitlab.com/tsuchinaga/kabus-grpc-server/infra/security/security.go:50.2,51.16 2 2
gitlab.com/tsuchinaga/kabus-grpc-server/infra/security/security.go:55.2,56.42 2 1
gitlab.com/tsuchinaga/kabus-grpc-server/infra/security/security.go:59.2,59.61 1 1
gitlab.com/tsuchinaga/kabus-grpc-server/infra/security/security.go:47.37,49.3 1 2
gitlab.com/tsuchinaga/kabus-grpc-server/infra/security/security.go:51.16,53.3 1 1
gitlab.com/tsuchinaga/kabus-grpc-server/infra/security/security.go:56.42,58.3 1 1
gitlab.com/tsuchinaga/kabus-grpc-server/infra/security/security.go:62.145,64.16 2 2
gitlab.com/tsuchinaga/kabus-grpc-server/infra/security/security.go:68.2,69.40 2 1
gitlab.com/tsuchinaga/kabus-grpc-server/infra/security/security.go:72.2,72.61 1 1
gitlab.com/tsuchinaga/kabus-grpc-server/infra/security/security.go:64.16,66.3 1 1
gitlab.com/tsuchinaga/kabus-grpc-server/infra/security/security.go:69.40,71.3 1 0
